*** This is nuXmv 2.0.0 (compiled on Mon Oct 14 18:05:39 2019)
*** Copyright (c) 2014-2019, Fondazione Bruno Kessler
*** For more information on nuXmv see https://nuxmv.fbk.eu
*** or email to <nuxmv@list.fbk.eu>.
*** Please report bugs at https://nuxmv.fbk.eu/bugs
*** (click on "Login Anonymously" to access)
*** Alternatively write to <nuxmv@list.fbk.eu>.

*** This version of nuXmv is linked to NuSMV 2.6.0.
*** For more information on NuSMV see <http://nusmv.fbk.eu>
*** or email to <nusmv-users@list.fbk.eu>.
*** Copyright (C) 2010-2019, Fondazione Bruno Kessler

*** This version of nuXmv is linked to the CUDD library version 2.4.1
*** Copyright (c) 1995-2004, Regents of the University of Colorado

*** This version of nuXmv is linked to the MiniSat SAT solver. 
*** See http://minisat.se/MiniSat.html
*** Copyright (c) 2003-2006, Niklas Een, Niklas Sorensson
*** Copyright (c) 2007-2010, Niklas Sorensson

*** This version of nuXmv is linked to MathSAT
*** Copyright (C) 2009-2019 by Fondazione Bruno Kessler
*** Copyright (C) 2009-2019 by University of Trento and others
*** See http://mathsat.fbk.eu

nuXmv > nuXmv > -- specification !( F winning_state)  is false
-- as demonstrated by the following execution sequence
Trace Description: LTL Counterexample 
Trace Type: Counterexample 
  -> State: 1.1 <-
    board[0][0] = Wall
    board[0][1] = Wall
    board[0][2] = Wall
    board[0][3] = Wall
    board[0][4] = Wall
    board[0][5] = Wall
    board[0][6] = Wall
    board[1][0] = Wall
    board[1][1] = Wall
    board[1][2] = Wall
    board[1][3] = Goal
    board[1][4] = Wall
    board[1][5] = Wall
    board[1][6] = Wall
    board[2][0] = Wall
    board[2][1] = Wall
    board[2][2] = Wall
    board[2][3] = Box
    board[2][4] = Wall
    board[2][5] = Wall
    board[2][6] = Wall
    board[3][0] = Wall
    board[3][1] = Goal
    board[3][2] = Box
    board[3][3] = WarehouseKeeper
    board[3][4] = Box
    board[3][5] = Goal
    board[3][6] = Wall
    board[4][0] = Wall
    board[4][1] = Wall
    board[4][2] = Wall
    board[4][3] = Box
    board[4][4] = Wall
    board[4][5] = Wall
    board[4][6] = Wall
    board[5][0] = Wall
    board[5][1] = Wall
    board[5][2] = Wall
    board[5][3] = Goal
    board[5][4] = Wall
    board[5][5] = Wall
    board[5][6] = Wall
    board[6][0] = Wall
    board[6][1] = Wall
    board[6][2] = Wall
    board[6][3] = Wall
    board[6][4] = Wall
    board[6][5] = Wall
    board[6][6] = Wall
    move = l
    winning_state = FALSE
  -> State: 1.2 <-
    board[3][1] = BoxOnGoal
    board[3][2] = WarehouseKeeper
    board[3][3] = Floor
    move = r
  -> State: 1.3 <-
    board[3][2] = Floor
    board[3][3] = WarehouseKeeper
    move = u
  -> State: 1.4 <-
    board[1][3] = BoxOnGoal
    board[2][3] = WarehouseKeeper
    board[3][3] = Floor
    move = d
  -> State: 1.5 <-
    board[2][3] = Floor
    board[3][3] = WarehouseKeeper
    move = r
  -> State: 1.6 <-
    board[3][3] = Floor
    board[3][4] = WarehouseKeeper
    board[3][5] = BoxOnGoal
    move = l
  -> State: 1.7 <-
    board[3][3] = WarehouseKeeper
    board[3][4] = Floor
    move = d
  -- Loop starts here
  -> State: 1.8 <-
    board[3][3] = Floor
    board[4][3] = WarehouseKeeper
    board[5][3] = BoxOnGoal
    move = l
    winning_state = TRUE
  -- Loop starts here
  -> State: 1.9 <-
  -> State: 1.10 <-
nuXmv > 